<?xml version="1.0" encoding="UTF-8"?>
<!-- Generated by org.testng.reporters.JUnitReportReporter -->
<testsuite hostname="DESKTOP-DQ8EN8M" failures="0" tests="1" name="SeleniumTest" time="15.477" errors="0" timestamp="2021-04-05T17:38:36 EDT" skipped="0">
  <testcase classname="SeleniumTest" name="amazonItem" time="15.477"/>
  <system-out/>
</testsuite> <!-- SeleniumTest -->
